<?xml version="1.0" encoding="UTF-8" standalone="yes" ?>
<test-results name="C:\Users\soniy\Desktop\RAD\Visual\Win32\Debug\Project2.exe" total="6" errors="0" failures="0" ignored="0" inconclusive="0" not-run="0" skipped="0" invalid="0" date="2023-01-15" time="0.044">
  <culture-info current-culture="en" current-uiculture="en" />
  <test-suite type="Assembly" name="Project2.exe" executed="true" result="Success" success="True" time="0.044" asserts="0">
    <results>
        <test-suite type="Namespace" name="Test" executed="true" result="Success" success="True" time="0.044" asserts="0" >
          <results>
              <test-suite type="Fixture" name="TMyTestObject" executed="True" result="Success" success="True" time="0.044" >
                <results>
                  <test-case name="ObjectIsNotNull" executed="True" result="Success" success="True" time="0.000" asserts="0" />
                  <test-case name="DoesNotRaiseException" executed="True" result="Success" success="True" time="0.000" asserts="0" />
                  <test-case name="DepositesPositiveAmount" executed="True" result="Success" success="True" time="0.001" asserts="0" />
                  <test-case name="WithdrawsPositiveAmount" executed="True" result="Success" success="True" time="0.000" asserts="0" />
                  <test-case name="PreventsOverdrawing" executed="True" result="Success" success="True" time="0.000" asserts="0" />
                  <test-case name="PreventsNegativeAmountDeposite" executed="True" result="Success" success="True" time="0.000" asserts="0" />
                </results>
              </test-suite>
          </results>
        </test-suite>
    </results>
  </test-suite>
</test-results>
